<?xml version="1.0" encoding="UTF-8"?>
<testsuite name="com.advanced.java.FinalProject.RoomServiceTest" tests="2" skipped="0" failures="0" errors="0" timestamp="2022-12-15T03:43:04" hostname="DESKTOP-HESHOHE" time="0.026">
  <properties/>
  <testcase name="saveRoom_addsRoomToTheDataBaseAndConnectsItToaPatient()" classname="com.advanced.java.FinalProject.RoomServiceTest" time="0.023"/>
  <testcase name="diagnoseIsAlwaysSetToUpperCase()" classname="com.advanced.java.FinalProject.RoomServiceTest" time="0.002"/>
  <system-out><![CDATA[22:43:01.820 [Test worker] DEBUG org.springframework.test.context.BootstrapUtils - Instantiating CacheAwareContextLoaderDelegate from class [org.springframework.test.context.cache.DefaultCacheAwareContextLoaderDelegate]
22:43:01.826 [Test worker] DEBUG org.springframework.test.context.BootstrapUtils - Instantiating BootstrapContext using constructor [public org.springframework.test.context.support.DefaultBootstrapContext(java.lang.Class,org.springframework.test.context.CacheAwareContextLoaderDelegate)]
22:43:01.845 [Test worker] DEBUG org.springframework.test.context.BootstrapUtils - Instantiating TestContextBootstrapper for test class [com.advanced.java.FinalProject.RoomServiceTest] from class [org.springframework.boot.test.context.SpringBootTestContextBootstrapper]
22:43:01.851 [Test worker] INFO org.springframework.boot.test.context.SpringBootTestContextBootstrapper - Neither @ContextConfiguration nor @ContextHierarchy found for test class [com.advanced.java.FinalProject.RoomServiceTest], using SpringBootContextLoader
22:43:01.853 [Test worker] DEBUG org.springframework.test.context.support.AbstractContextLoader - Did not detect default resource location for test class [com.advanced.java.FinalProject.RoomServiceTest]: class path resource [com/advanced/java/FinalProject/RoomServiceTest-context.xml] does not exist
22:43:01.854 [Test worker] DEBUG org.springframework.test.context.support.AbstractContextLoader - Did not detect default resource location for test class [com.advanced.java.FinalProject.RoomServiceTest]: class path resource [com/advanced/java/FinalProject/RoomServiceTestContext.groovy] does not exist
22:43:01.854 [Test worker] INFO org.springframework.test.context.support.AbstractContextLoader - Could not detect default resource locations for test class [com.advanced.java.FinalProject.RoomServiceTest]: no resource found for suffixes {-context.xml, Context.groovy}.
22:43:01.854 [Test worker] INFO org.springframework.test.context.support.AnnotationConfigContextLoaderUtils - Could not detect default configuration classes for test class [com.advanced.java.FinalProject.RoomServiceTest]: RoomServiceTest does not declare any static, non-private, non-final, nested classes annotated with @Configuration.
22:43:01.876 [Test worker] DEBUG org.springframework.test.context.support.ActiveProfilesUtils - Could not find an 'annotation declaring class' for annotation type [org.springframework.test.context.ActiveProfiles] and class [com.advanced.java.FinalProject.RoomServiceTest]
22:43:01.911 [Test worker] DEBUG org.springframework.context.annotation.ClassPathScanningCandidateComponentProvider - Identified candidate component class: file [C:\Users\hisha\JavaProjects\cis-271-01-advanced-java-final-project\build\classes\java\main\com\advanced\java\FinalProject\Application.class]
22:43:01.912 [Test worker] INFO org.springframework.boot.test.context.SpringBootTestContextBootstrapper - Found @SpringBootConfiguration com.advanced.java.FinalProject.Application for test class com.advanced.java.FinalProject.RoomServiceTest
22:43:01.967 [Test worker] DEBUG org.springframework.boot.test.context.SpringBootTestContextBootstrapper - @TestExecutionListeners is not present for class [com.advanced.java.FinalProject.RoomServiceTest]: using defaults.
22:43:01.967 [Test worker] INFO org.springframework.boot.test.context.SpringBootTestContextBootstrapper - Loaded default TestExecutionListener class names from location [META-INF/spring.factories]: [org.springframework.boot.test.autoconfigure.restdocs.RestDocsTestExecutionListener, org.springframework.boot.test.autoconfigure.web.client.MockRestServiceServerResetTestExecutionListener, org.springframework.boot.test.autoconfigure.web.servlet.MockMvcPrintOnlyOnFailureTestExecutionListener, org.springframework.boot.test.autoconfigure.web.servlet.WebDriverTestExecutionListener, org.springframework.boot.test.autoconfigure.webservices.client.MockWebServiceServerTestExecutionListener, org.springframework.boot.test.mock.mockito.MockitoTestExecutionListener, org.springframework.boot.test.mock.mockito.ResetMocksTestExecutionListener, org.springframework.test.context.web.ServletTestExecutionListener, org.springframework.test.context.support.DirtiesContextBeforeModesTestExecutionListener, org.springframework.test.context.event.ApplicationEventsTestExecutionListener, org.springframework.test.context.support.DependencyInjectionTestExecutionListener, org.springframework.test.context.support.DirtiesContextTestExecutionListener, org.springframework.test.context.transaction.TransactionalTestExecutionListener, org.springframework.test.context.jdbc.SqlScriptsTestExecutionListener, org.springframework.test.context.event.EventPublishingTestExecutionListener]
22:43:01.976 [Test worker] INFO org.springframework.boot.test.context.SpringBootTestContextBootstrapper - Using TestExecutionListeners: [org.springframework.test.context.web.ServletTestExecutionListener@76a36b71, org.springframework.test.context.support.DirtiesContextBeforeModesTestExecutionListener@184497d1, org.springframework.test.context.event.ApplicationEventsTestExecutionListener@f9d87b, org.springframework.boot.test.mock.mockito.MockitoTestExecutionListener@6ffab045, org.springframework.boot.test.autoconfigure.SpringBootDependencyInjectionTestExecutionListener@26fb628, org.springframework.test.context.support.DirtiesContextTestExecutionListener@3e2943ab, org.springframework.test.context.transaction.TransactionalTestExecutionListener@70dd7e15, org.springframework.test.context.jdbc.SqlScriptsTestExecutionListener@4a9f80d3, org.springframework.test.context.event.EventPublishingTestExecutionListener@35beb15e, org.springframework.boot.test.autoconfigure.restdocs.RestDocsTestExecutionListener@41fe9859, org.springframework.boot.test.autoconfigure.web.client.MockRestServiceServerResetTestExecutionListener@5ac86ba5, org.springframework.boot.test.autoconfigure.web.servlet.MockMvcPrintOnlyOnFailureTestExecutionListener@6c67e137, org.springframework.boot.test.autoconfigure.web.servlet.WebDriverTestExecutionListener@2c9399a4, org.springframework.boot.test.autoconfigure.webservices.client.MockWebServiceServerTestExecutionListener@191ae03f, org.springframework.boot.test.mock.mockito.ResetMocksTestExecutionListener@9635fa]
22:43:01.979 [Test worker] DEBUG org.springframework.test.context.support.AbstractDirtiesContextTestExecutionListener - Before test class: context [DefaultTestContext@89ff02e testClass = RoomServiceTest, testInstance = [null], testMethod = [null], testException = [null], mergedContextConfiguration = [WebMergedContextConfiguration@6865c751 testClass = RoomServiceTest, locations = '{}', classes = '{class com.advanced.java.FinalProject.Application}', contextInitializerClasses = '[]', activeProfiles = '{}', propertySourceLocations = '{}', propertySourceProperties = '{org.springframework.boot.test.context.SpringBootTestContextBootstrapper=true}', contextCustomizers = set[org.springframework.boot.test.autoconfigure.actuate.metrics.MetricsExportContextCustomizerFactory$DisableMetricExportContextCustomizer@5a709816, org.springframework.boot.test.autoconfigure.properties.PropertyMappingContextCustomizer@0, org.springframework.boot.test.autoconfigure.web.servlet.WebDriverContextCustomizerFactory$Customizer@71529963, org.springframework.boot.test.context.filter.ExcludeFilterContextCustomizer@1a760689, org.springframework.boot.test.json.DuplicateJsonObjectContextCustomizerFactory$DuplicateJsonObjectContextCustomizer@2250b9f2, org.springframework.boot.test.mock.mockito.MockitoContextCustomizer@0, org.springframework.boot.test.web.client.TestRestTemplateContextCustomizer@e54303, org.springframework.boot.test.context.SpringBootTestArgs@1, org.springframework.boot.test.context.SpringBootTestWebEnvironment@4d5b6aac], resourceBasePath = 'src/main/webapp', contextLoader = 'org.springframework.boot.test.context.SpringBootContextLoader', parent = [null]], attributes = map['org.springframework.test.context.web.ServletTestExecutionListener.activateListener' -> true]], class annotated with @DirtiesContext [false] with mode [null].

  .   ____          _            __ _ _
 /\\ / ___'_ __ _ _(_)_ __  __ _ \ \ \ \
( ( )\___ | '_ | '_| | '_ \/ _` | \ \ \ \
 \\/  ___)| |_)| | | | | || (_| |  ) ) ) )
  '  |____| .__|_| |_|_| |_\__, | / / / /
 =========|_|==============|___/=/_/_/_/
 :: Spring Boot ::                (v2.7.5)

2022-12-14 22:43:02.140  INFO 3316 --- [    Test worker] c.a.java.FinalProject.RoomServiceTest    : Starting RoomServiceTest using Java 17.0.2 on DESKTOP-HeshoHesho with PID 3316 (started by hisha in C:\Users\hisha\JavaProjects\cis-271-01-advanced-java-final-project)
2022-12-14 22:43:02.141  INFO 3316 --- [    Test worker] c.a.java.FinalProject.RoomServiceTest    : No active profile set, falling back to 1 default profile: "default"
2022-12-14 22:43:02.515  INFO 3316 --- [    Test worker] .s.d.r.c.RepositoryConfigurationDelegate : Bootstrapping Spring Data JPA repositories in DEFAULT mode.
2022-12-14 22:43:02.547  INFO 3316 --- [    Test worker] .s.d.r.c.RepositoryConfigurationDelegate : Finished Spring Data repository scanning in 28 ms. Found 3 JPA repository interfaces.
2022-12-14 22:43:02.875  INFO 3316 --- [    Test worker] com.zaxxer.hikari.HikariDataSource       : HikariPool-1 - Starting...
2022-12-14 22:43:03.001  INFO 3316 --- [    Test worker] com.zaxxer.hikari.HikariDataSource       : HikariPool-1 - Start completed.
2022-12-14 22:43:03.044  INFO 3316 --- [    Test worker] o.hibernate.jpa.internal.util.LogHelper  : HHH000204: Processing PersistenceUnitInfo [name: default]
2022-12-14 22:43:03.079  INFO 3316 --- [    Test worker] org.hibernate.Version                    : HHH000412: Hibernate ORM core version 5.6.12.Final
2022-12-14 22:43:03.194  INFO 3316 --- [    Test worker] o.hibernate.annotations.common.Version   : HCANN000001: Hibernate Commons Annotations {5.1.2.Final}
2022-12-14 22:43:03.276  INFO 3316 --- [    Test worker] org.hibernate.dialect.Dialect            : HHH000400: Using dialect: org.hibernate.dialect.H2Dialect
2022-12-14 22:43:03.667  INFO 3316 --- [    Test worker] o.h.e.t.j.p.i.JtaPlatformInitiator       : HHH000490: Using JtaPlatform implementation: [org.hibernate.engine.transaction.jta.platform.internal.NoJtaPlatform]
2022-12-14 22:43:03.672  INFO 3316 --- [    Test worker] j.LocalContainerEntityManagerFactoryBean : Initialized JPA EntityManagerFactory for persistence unit 'default'
2022-12-14 22:43:04.038  WARN 3316 --- [    Test worker] JpaBaseConfiguration$JpaWebConfiguration : spring.jpa.open-in-view is enabled by default. Therefore, database queries may be performed during view rendering. Explicitly configure spring.jpa.open-in-view to disable this warning
2022-12-14 22:43:04.213  INFO 3316 --- [    Test worker] o.s.b.a.h2.H2ConsoleAutoConfiguration    : H2 console available at '/h2-console'. Database available at 'jdbc:h2:mem:test'
2022-12-14 22:43:04.411  INFO 3316 --- [    Test worker] c.a.java.FinalProject.RoomServiceTest    : Started RoomServiceTest in 2.411 seconds (JVM running for 3.064)
[ FirstName: Hisham ,middle initial: K ,lastName: Odeh ]
]]></system-out>
  <system-err><![CDATA[]]></system-err>
</testsuite>
